#
# There is insufficient memory for the Java Runtime Environment to continue.
# Native memory allocation (malloc) failed to allocate 1048576 bytes for AllocateHeap
# Possible reasons:
#   The system is out of physical RAM or swap space
#   The process is running with CompressedOops enabled, and the Java Heap may be blocking the growth of the native heap
# Possible solutions:
#   Reduce memory load on the system
#   Increase physical memory or swap space
#   Check if swap backing store is full
#   Decrease Java heap size (-Xmx/-Xms)
#   Decrease number of Java threads
#   Decrease Java thread stack sizes (-Xss)
#   Set larger code cache with -XX:ReservedCodeCacheSize=
#   JVM is running with Unscaled Compressed Oops mode in which the Java heap is
#     placed in the first 4GB address space. The Java Heap base address is the
#     maximum limit for the native heap growth. Please use -XX:HeapBaseMinAddress
#     to set the Java Heap base and to place the Java Heap above 4GB virtual address.
# This output file may be truncated or incomplete.
#
#  Out of Memory Error (memory/allocation.inline.hpp:61), pid=23212, tid=0x0000000000005a44
#
# JRE version:  (8.0_361) (build )
# Java VM: Java HotSpot(TM) 64-Bit Server VM (25.361-b09 mixed mode windows-amd64 compressed oops)
# Failed to write core dump. Minidumps are not enabled by default on client versions of Windows
#

---------------  T H R E A D  ---------------

Current thread (0x00000219da690000):  JavaThread "Unknown thread" [_thread_in_vm, id=23108, stack(0x000000f10e200000,0x000000f10e300000)]

Stack: [0x000000f10e200000,0x000000f10e300000]
Native frames: (J=compiled Java code, j=interpreted, Vv=VM code, C=native code)
V  [jvm.dll+0x3317a9]
V  [jvm.dll+0x277c4e]
V  [jvm.dll+0x27888d]
V  [jvm.dll+0x26f0d5]
V  [jvm.dll+0x509d]
V  [jvm.dll+0x3d5e83]
V  [jvm.dll+0x3d6898]
V  [jvm.dll+0xfd0df]
V  [jvm.dll+0x20c29b]
V  [jvm.dll+0x23adc7]
V  [jvm.dll+0x1637b6]
C  [java.exe+0x2312]
C  [java.exe+0x15f54]
C  [KERNEL32.DLL+0x17034]
C  [ntdll.dll+0x52651]


---------------  P R O C E S S  ---------------

Java Threads: ( => current thread )

Other Threads:

=>0x00000219da690000 (exited) JavaThread "Unknown thread" [_thread_in_vm, id=23108, stack(0x000000f10e200000,0x000000f10e300000)]

VM state:not at safepoint (normal execution)

VM Mutex/Monitor currently owned by a thread: None

heap address: 0x0000000085200000, size: 1966 MB, Compressed Oops mode: 32-bit
Narrow klass base: 0x0000000000000000, Narrow klass shift: 3
Compressed class space size: 1073741824 Address: 0x0000000100000000

Heap:
 PSYoungGen      total 36864K, used 634K [0x00000000d7100000, 0x00000000d9a00000, 0x0000000100000000)
  eden space 31744K, 2% used [0x00000000d7100000,0x00000000d719eb90,0x00000000d9000000)
  from space 5120K, 0% used [0x00000000d9500000,0x00000000d9500000,0x00000000d9a00000)
  to   space 5120K, 0% used [0x00000000d9000000,0x00000000d9000000,0x00000000d9500000)
 ParOldGen       total 84992K, used 0K [0x0000000085200000, 0x000000008a500000, 0x00000000d7100000)
  object space 84992K, 0% used [0x0000000085200000,0x0000000085200000,0x000000008a500000)
 Metaspace       used 775K, capacity 4480K, committed 4480K, reserved 1056768K
  class space    used 76K, capacity 384K, committed 384K, reserved 1048576K

Card table byte_map: [0x00000219eb440000,0x00000219eb820000] byte_map_base: 0x00000219eb017000

Marking Bits: (ParMarkBitMap*) 0x00000000600fb090
 Begin Bits: [0x00000219ebab0000, 0x00000219ed968000)
 End Bits:   [0x00000219ed968000, 0x00000219ef820000)

Polling page: 0x00000219dc050000

CodeCache: size=245760Kb used=329Kb max_used=329Kb free=245430Kb
 bounds [0x00000219dc080000, 0x00000219dc2f0000, 0x00000219eb080000]
 total_blobs=58 nmethods=0 adapters=38
 compilation: enabled

Compilation events (0 events):
No events

GC Heap History (0 events):
No events

Deoptimization events (0 events):
No events

Classes redefined (0 events):
No events

Internal exceptions (0 events):
No events

Events (10 events):
Event: 0.017 loading class java/lang/Short
Event: 0.017 loading class java/lang/Short done
Event: 0.017 loading class java/lang/Integer
Event: 0.017 loading class java/lang/Integer done
Event: 0.017 loading class java/lang/Long
Event: 0.017 loading class java/lang/Long done
Event: 0.018 loading class java/lang/NullPointerException
Event: 0.018 loading class java/lang/NullPointerException done
Event: 0.018 loading class java/lang/ArithmeticException
Event: 0.018 loading class java/lang/ArithmeticException done


Dynamic libraries:
0x00007ff6b4ff0000 - 0x00007ff6b5037000 	D:\Java\bin\java.exe
0x00007ff9153d0000 - 0x00007ff9155c5000 	C:\windows\SYSTEM32\ntdll.dll
0x00007ff913be0000 - 0x00007ff913c9e000 	C:\windows\System32\KERNEL32.DLL
0x00007ff912db0000 - 0x00007ff913079000 	C:\windows\System32\KERNELBASE.dll
0x00007ff914a80000 - 0x00007ff914b2c000 	C:\windows\System32\ADVAPI32.dll
0x00007ff915290000 - 0x00007ff91532e000 	C:\windows\System32\msvcrt.dll
0x00007ff914b30000 - 0x00007ff914bcb000 	C:\windows\System32\sechost.dll
0x00007ff913900000 - 0x00007ff913a2a000 	C:\windows\System32\RPCRT4.dll
0x00007ff913a30000 - 0x00007ff913bd1000 	C:\windows\System32\USER32.dll
0x00007ff912d30000 - 0x00007ff912d52000 	C:\windows\System32\win32u.dll
0x00007ff914d00000 - 0x00007ff914d2b000 	C:\windows\System32\GDI32.dll
0x00007ff913180000 - 0x00007ff91328b000 	C:\windows\System32\gdi32full.dll
0x00007ff912c90000 - 0x00007ff912d2d000 	C:\windows\System32\msvcp_win.dll
0x00007ff913080000 - 0x00007ff913180000 	C:\windows\System32\ucrtbase.dll
0x00007ff8f1210000 - 0x00007ff8f14aa000 	C:\windows\WinSxS\amd64_microsoft.windows.common-controls_6595b64144ccf1df_6.0.19041.1110_none_60b5254171f9507e\COMCTL32.dll
0x00007ff9138a0000 - 0x00007ff9138d0000 	C:\windows\System32\IMM32.DLL
0x00007ff8f4b20000 - 0x00007ff8f4b35000 	D:\Java\jre\bin\vcruntime140.dll
0x00007ff8cf9e0000 - 0x00007ff8cfa7b000 	D:\Java\jre\bin\msvcp140.dll
0x000000005f910000 - 0x0000000060173000 	D:\Java\jre\bin\server\jvm.dll
0x00007ff914d30000 - 0x00007ff914d38000 	C:\windows\System32\PSAPI.DLL
0x00007ff90af40000 - 0x00007ff90af4a000 	C:\windows\SYSTEM32\VERSION.dll
0x00007ff90e2e0000 - 0x00007ff90e2e9000 	C:\windows\SYSTEM32\WSOCK32.dll
0x00007ff8f1c40000 - 0x00007ff8f1c67000 	C:\windows\SYSTEM32\WINMM.dll
0x00007ff914920000 - 0x00007ff91498b000 	C:\windows\System32\WS2_32.dll
0x00007ff911370000 - 0x00007ff911382000 	C:\windows\SYSTEM32\kernel.appcore.dll
0x00007ff90e2d0000 - 0x00007ff90e2e0000 	D:\Java\jre\bin\verify.dll
0x00007ff8ef750000 - 0x00007ff8ef77b000 	D:\Java\jre\bin\java.dll
0x00007ff8ef8e0000 - 0x00007ff8ef8f8000 	D:\Java\jre\bin\zip.dll
0x00007ff910770000 - 0x00007ff910954000 	C:\windows\SYSTEM32\dbghelp.dll
0x00007ff912c00000 - 0x00007ff912c83000 	C:\windows\System32\bcryptPrimitives.dll

VM Arguments:
jvm_args: -Dfile.encoding=UTF-8 
java_command: GiaoDien.QuanLyGiaoDien
java_class_path (initial): D:\GitHub\QuanLyTourDuLich\QuanLyTourDuLich\build\classes
Launcher Type: SUN_STANDARD

Environment Variables:
PATH=C:\windows\system32;C:\windows;C:\windows\System32\Wbem;C:\windows\System32\WindowsPowerShell\v1.0\;C:\windows\System32\OpenSSH\;C:\Program Files\Microsoft SQL Server\130\Tools\Binn\;C:\TDM-GCC-64\bin;C:\Program Files\Microsoft VS Code\bin;C:\Program Files\Microsoft SQL Server\120\Tools\Binn\;C:\Program Files\Microsoft SQL Server\Client SDK\ODBC\110\Tools\Binn\;C:\Program Files (x86)\Microsoft SQL Server\120\Tools\Binn\;C:\Program Files\Microsoft SQL Server\120\DTS\Binn\;C:\Program Files (x86)\Microsoft SQL Server\120\Tools\Binn\ManagementStudio\;C:\Program Files (x86)\Microsoft SQL Server\120\DTS\Binn\;C:\Program Files (x86)\Microsoft SQL Server\150\DTS\Binn\;C:\Program Files\Azure Data Studio\bin;C:\Program Files\nodejs\;C:\Program Files\Git\cmd;D:\JDK\bin;C:\Users\thien\AppData\Local\Microsoft\WindowsApps;C:\Users\thien\AppData\Local\GitHubDesktop\bin;C:\ProgramData\thien\GitHubDesktop\bin;C:\Users\thien\AppData\Local\Programs\Microsoft VS Code\bin;C:\Program Files\Azure Data Studio\bin;C:\Users\thien\AppData\Roaming\npm
USERNAME=thien
OS=Windows_NT
PROCESSOR_IDENTIFIER=Intel64 Family 6 Model 140 Stepping 1, GenuineIntel



---------------  S Y S T E M  ---------------

OS: Windows 10 , 64 bit Build 19041 (10.0.19041.1202)

CPU:total 8 (initial active 8) (4 cores per cpu, 2 threads per core) family 6 model 140 stepping 1, cmov, cx8, fxsr, mmx, sse, sse2, sse3, ssse3, sse4.1, sse4.2, popcnt, avx, avx2, aes, clmul, erms, 3dnowpref, lzcnt, ht, tsc, tscinvbit, bmi1, bmi2, adx

Memory: 4k page, physical 8047924k(1051180k free), swap 18186780k(6092k free)

vm_info: Java HotSpot(TM) 64-Bit Server VM (25.361-b09) for windows-amd64 JRE (1.8.0_361-b09), built on Jan  9 2023 08:38:53 by "java_re" with MS VC++ 15.9 (VS2017)

time: Sat Apr 29 20:38:16 2023
timezone: SE Asia Standard Time
elapsed time: 0.053267 seconds (0d 0h 0m 0s)

